<?xml version="1.0" encoding="UTF-8"?>
<!-- Generated by org.testng.reporters.JUnitReportReporter -->
<testsuite hostname="ZeravatLegna" failures="0" tests="1" name="tests.Tests" time="34.022" errors="0" timestamp="2023-09-27T09:27:18 BOT" skipped="0">
  <testcase classname="tests.Tests" name="test1" time="34.022"/>
  <system-out/>
</testsuite> <!-- tests.Tests -->
