<?xml version="1.0" encoding="UTF-8"?>
<!-- Generated by org.testng.reporters.JUnitReportReporter -->
<testsuite hostname="ZeravatLegna" failures="0" tests="3" name="test.Tests" time="92.363" errors="0" timestamp="2023-09-27T11:48:13 BOT" skipped="0">
  <testcase classname="test.Tests" name="test2" time="34.190"/>
  <system-out/>
  <testcase classname="test.Tests" name="test1" time="33.053"/>
  <system-out/>
  <testcase classname="test.Tests" name="test3" time="25.120"/>
  <system-out/>
</testsuite> <!-- test.Tests -->
