<?xml version="1.0" encoding="UTF-8"?>
<!-- Generated by org.testng.reporters.JUnitReportReporter -->
<testsuite hostname="ZeravatLegna" failures="0" tests="3" name="test.Tests" time="92.259" errors="0" timestamp="2023-09-27T11:50:02 BOT" skipped="0">
  <testcase classname="test.Tests" name="test3" time="25.279"/>
  <testcase classname="test.Tests" name="test1" time="32.256"/>
  <testcase classname="test.Tests" name="test2" time="34.724"/>
</testsuite> <!-- test.Tests -->
